# JRE version: OpenJDK Runtime Environment (8.0_242-b01) (build 1.8.0_242-release-1644-b01)
# Java VM: OpenJDK 64-Bit Server VM (25.242-b01 mixed mode windows-amd64 compressed oops)
Heap:
 PSYoungGen      total 489984K, used 104658K [0x00000000e0000000, 0x00000000ffc80000, 0x0000000100000000)
  eden space 459264K, 19% used [0x00000000e0000000,0x00000000e573e3f8,0x00000000fc080000)
  from space 30720K, 49% used [0x00000000fc080000,0x00000000fcf76420,0x00000000fde80000)
  to   space 28672K, 0% used [0x00000000fe080000,0x00000000fe080000,0x00000000ffc80000)
 ParOldGen       total 407552K, used 268210K [0x00000000a0000000, 0x00000000b8e00000, 0x00000000e0000000)
  object space 407552K, 65% used [0x00000000a0000000,0x00000000b05ecad0,0x00000000b8e00000)
 Metaspace       used 115120K, capacity 120372K, committed 122032K, reserved 1155072K
  class space    used 14366K, capacity 15387K, committed 15792K, reserved 1048576K
GC Heap History (10 events):
Event: 1654.705 GC heap before
{Heap before GC invocations=60 (full 5):
 PSYoungGen      total 483328K, used 477818K [0x00000000e0000000, 0x0000000100000000, 0x0000000100000000)
  eden space 452608K, 100% used [0x00000000e0000000,0x00000000fba00000,0x00000000fba00000)
  from space 30720K, 82% used [0x00000000fe200000,0x00000000ffa9e8c8,0x0000000100000000)
  to   space 35840K, 0% used [0x00000000fba00000,0x00000000fba00000,0x00000000fdd00000)
 ParOldGen       total 407552K, used 208526K [0x00000000a0000000, 0x00000000b8e00000, 0x00000000e0000000)
  object space 407552K, 51% used [0x00000000a0000000,0x00000000acba3ac0,0x00000000b8e00000)
 Metaspace       used 115102K, capacity 120366K, committed 122032K, reserved 1155072K
  class space    used 14363K, capacity 15386K, committed 15792K, reserved 1048576K
Event: 1654.742 GC heap after
Heap after GC invocations=60 (full 5):
 PSYoungGen      total 488448K, used 13679K [0x00000000e0000000, 0x0000000100000000, 0x0000000100000000)
  eden space 452608K, 0% used [0x00000000e0000000,0x00000000e0000000,0x00000000fba00000)
  from space 35840K, 38% used [0x00000000fba00000,0x00000000fc75bef0,0x00000000fdd00000)
  to   space 33792K, 0% used [0x00000000fdf00000,0x00000000fdf00000,0x0000000100000000)
 ParOldGen       total 407552K, used 231296K [0x00000000a0000000, 0x00000000b8e00000, 0x00000000e0000000)
  object space 407552K, 56% used [0x00000000a0000000,0x00000000ae1e0270,0x00000000b8e00000)
 Metaspace       used 115102K, capacity 120366K, committed 122032K, reserved 1155072K
  class space    used 14363K, capacity 15386K, committed 15792K, reserved 1048576K
}
Event: 1655.478 GC heap before
{Heap before GC invocations=61 (full 5):
 PSYoungGen      total 488448K, used 466287K [0x00000000e0000000, 0x0000000100000000, 0x0000000100000000)
  eden space 452608K, 100% used [0x00000000e0000000,0x00000000fba00000,0x00000000fba00000)
  from space 35840K, 38% used [0x00000000fba00000,0x00000000fc75bef0,0x00000000fdd00000)
  to   space 33792K, 0% used [0x00000000fdf00000,0x00000000fdf00000,0x0000000100000000)
 ParOldGen       total 407552K, used 231296K [0x00000000a0000000, 0x00000000b8e00000, 0x00000000e0000000)
  object space 407552K, 56% used [0x00000000a0000000,0x00000000ae1e0270,0x00000000b8e00000)
 Metaspace       used 115104K, capacity 120368K, committed 122032K, reserved 1155072K
  class space    used 14364K, capacity 15387K, committed 15792K, reserved 1048576K
Event: 1655.496 GC heap after
Heap after GC invocations=61 (full 5):
 PSYoungGen      total 485376K, used 8176K [0x00000000e0000000, 0x00000000ffd00000, 0x0000000100000000)
  eden space 454656K, 0% used [0x00000000e0000000,0x00000000e0000000,0x00000000fbc00000)
  from space 30720K, 26% used [0x00000000fdf00000,0x00000000fe6fc020,0x00000000ffd00000)
  to   space 33280K, 0% used [0x00000000fbc00000,0x00000000fbc00000,0x00000000fdc80000)
 ParOldGen       total 407552K, used 243165K [0x00000000a0000000, 0x00000000b8e00000, 0x00000000e0000000)
  object space 407552K, 59% used [0x00000000a0000000,0x00000000aed77458,0x00000000b8e00000)
 Metaspace       used 115104K, capacity 120368K, committed 122032K, reserved 1155072K
  class space    used 14364K, capacity 15387K, committed 15792K, reserved 1048576K
}
Event: 1656.311 GC heap before
{Heap before GC invocations=62 (full 5):
 PSYoungGen      total 485376K, used 462832K [0x00000000e0000000, 0x00000000ffd00000, 0x0000000100000000)
  eden space 454656K, 100% used [0x00000000e0000000,0x00000000fbc00000,0x00000000fbc00000)
  from space 30720K, 26% used [0x00000000fdf00000,0x00000000fe6fc020,0x00000000ffd00000)
  to   space 33280K, 0% used [0x00000000fbc00000,0x00000000fbc00000,0x00000000fdc80000)
 ParOldGen       total 407552K, used 243165K [0x00000000a0000000, 0x00000000b8e00000, 0x00000000e0000000)
  object space 407552K, 59% used [0x00000000a0000000,0x00000000aed77458,0x00000000b8e00000)
 Metaspace       used 115107K, capacity 120368K, committed 122032K, reserved 1155072K
  class space    used 14364K, capacity 15387K, committed 15792K, reserved 1048576K
Event: 1656.342 GC heap after
Heap after GC invocations=62 (full 5):
 PSYoungGen      total 487936K, used 11433K [0x00000000e0000000, 0x00000000fff80000, 0x0000000100000000)
  eden space 454656K, 0% used [0x00000000e0000000,0x00000000e0000000,0x00000000fbc00000)
  from space 33280K, 34% used [0x00000000fbc00000,0x00000000fc72a6d0,0x00000000fdc80000)
  to   space 31744K, 0% used [0x00000000fe080000,0x00000000fe080000,0x00000000fff80000)
 ParOldGen       total 407552K, used 247060K [0x00000000a0000000, 0x00000000b8e00000, 0x00000000e0000000)
  object space 407552K, 60% used [0x00000000a0000000,0x00000000af145168,0x00000000b8e00000)
 Metaspace       used 115107K, capacity 120368K, committed 122032K, reserved 1155072K
  class space    used 14364K, capacity 15387K, committed 15792K, reserved 1048576K
}
Event: 1657.267 GC heap before
{Heap before GC invocations=63 (full 5):
 PSYoungGen      total 487936K, used 466089K [0x00000000e0000000, 0x00000000fff80000, 0x0000000100000000)
  eden space 454656K, 100% used [0x00000000e0000000,0x00000000fbc00000,0x00000000fbc00000)
  from space 33280K, 34% used [0x00000000fbc00000,0x00000000fc72a6d0,0x00000000fdc80000)
  to   space 31744K, 0% used [0x00000000fe080000,0x00000000fe080000,0x00000000fff80000)
 ParOldGen       total 407552K, used 247474K [0x00000000a0000000, 0x00000000b8e00000, 0x00000000e0000000)
  object space 407552K, 60% used [0x00000000a0000000,0x00000000af1ac858,0x00000000b8e00000)
 Metaspace       used 115114K, capacity 120368K, committed 122032K, reserved 1155072K
  class space    used 14365K, capacity 15387K, committed 15792K, reserved 1048576K
Event: 1657.294 GC heap after
Heap after GC invocations=63 (full 5):
 PSYoungGen      total 487936K, used 11634K [0x00000000e0000000, 0x00000000ffc80000, 0x0000000100000000)
  eden space 459264K, 0% used [0x00000000e0000000,0x00000000e0000000,0x00000000fc080000)
  from space 28672K, 40% used [0x00000000fe080000,0x00000000febdca80,0x00000000ffc80000)
  to   space 30720K, 0% used [0x00000000fc080000,0x00000000fc080000,0x00000000fde80000)
 ParOldGen       total 407552K, used 257267K [0x00000000a0000000, 0x00000000b8e00000, 0x00000000e0000000)
  object space 407552K, 63% used [0x00000000a0000000,0x00000000afb3cd48,0x00000000b8e00000)
 Metaspace       used 115114K, capacity 120368K, committed 122032K, reserved 1155072K
  class space    used 14365K, capacity 15387K, committed 15792K, reserved 1048576K
}
Event: 1658.278 GC heap before
{Heap before GC invocations=64 (full 5):
 PSYoungGen      total 487936K, used 470898K [0x00000000e0000000, 0x00000000ffc80000, 0x0000000100000000)
  eden space 459264K, 100% used [0x00000000e0000000,0x00000000fc080000,0x00000000fc080000)
  from space 28672K, 40% used [0x00000000fe080000,0x00000000febdca80,0x00000000ffc80000)
  to   space 30720K, 0% used [0x00000000fc080000,0x00000000fc080000,0x00000000fde80000)
 ParOldGen       total 407552K, used 258146K [0x00000000a0000000, 0x00000000b8e00000, 0x00000000e0000000)
  object space 407552K, 63% used [0x00000000a0000000,0x00000000afc188d8,0x00000000b8e00000)
 Metaspace       used 115119K, capacity 120372K, committed 122032K, reserved 1155072K
  class space    used 14365K, capacity 15387K, committed 15792K, reserved 1048576K
Event: 1658.316 GC heap after
Heap after GC invocations=64 (full 5):
 PSYoungGen      total 489984K, used 15321K [0x00000000e0000000, 0x00000000ffc80000, 0x0000000100000000)
  eden space 459264K, 0% used [0x00000000e0000000,0x00000000e0000000,0x00000000fc080000)
  from space 30720K, 49% used [0x00000000fc080000,0x00000000fcf76420,0x00000000fde80000)
  to   space 28672K, 0% used [0x00000000fe080000,0x00000000fe080000,0x00000000ffc80000)
 ParOldGen       total 407552K, used 268210K [0x00000000a0000000, 0x00000000b8e00000, 0x00000000e0000000)
  object space 407552K, 65% used [0x00000000a0000000,0x00000000b05ecad0,0x00000000b8e00000)
 Metaspace       used 115119K, capacity 120372K, committed 122032K, reserved 1155072K
  class space    used 14365K, capacity 15387K, committed 15792K, reserved 1048576K
}

